
ROM used:   1171/8192 (14%)
            1171/8192 (14%) including unused fragments

            0.9 Average locations per line
            5.8 Average locations per statement

RAM used:   44/368 (12%) at main() level
            60/368 (16%) worst case

Stack used: 6 worst case (6 in main + 0 for interrupts)
Stack size: 8

Lines Stmts  %   Files
----- ----- ---  -----
  136   101  50  main.c
  671     0   0  C:\Program Files (x86)\PICC\Devices\16F877A.h
  456   100  50  C:\Program Files (x86)\PICC\Drivers\lcd.c
----- -----
 1263   201 Total

Page ROM  %  RAM   Vol Diff  Functions:
---- --- --- ---   --- ----  ----------
0     20   2    1             @delay_ms1
 Inline         3   760  4.5  lcd_read_byte
0     37   3    2   262  3.7  lcd_read_nibble
0     26   2    1   399  2.4  lcd_send_nibble
0     67   6    3   415  3.7  lcd_send_byte
0     63   5    6   852  6.2  lcd_init
0     18   2    4   208  6.3  lcd_gotoxy
0     44   4    1   354  4.7  lcd_putc
0     16   1    1             @I2C_WRITEU_1
0     16   1    1             @I2C_READU_1
0    200  17    2  1594  5.9  DS3231_display
0     37   3    2             @MUL88
0     21   2    3             @DIV88
0     22   2    2             @PSTRINGR_645
0     21   2    1   125  3.4  blink
0    183  16    3   979  6.2  edit
0     53   5    2             @PRINTF_U_645
0      2   0    0             @const689
 Inline         4             @PSTRINGC7_645
0    321  27    1  1894  5.9  MAIN
 Inline         0             @cinit1

Program metrics:
    Functions               11
    Statements              201
    Comments                278
    Volume (V)              11839
    Difficulty (D)          51.7
    Effort to implement (E) 611774
    Time to implement (T)   9 hours, 26 minutes
    Est Delivered Bugs (B)  2
    Cyclomatic Complexity   15
    Maintainability (MI)    137

 Segment     Used  Free
-----------  ----  ----
00000-00003     4  0  
00004-007FF  1167  877  
00800-00FFF     0  2048  
01000-017FF     0  2048  
01800-01FFF     0  2048  



